c:\users\f-12\desktop\game_girls_autochess_2019_05_22_repair\lib\debug\lib.pdb
c:\users\f-12\desktop\game_girls_autochess_2019_05_22_repair\lib\debug\lib.idb
c:\users\f-12\desktop\game_girls_autochess_2019_05_22_repair\lib\debug\uiobject.obj
c:\users\f-12\desktop\game_girls_autochess_2019_05_22_repair\lib\debug\uimanager.obj
c:\users\f-12\desktop\game_girls_autochess_2019_05_22_repair\lib\debug\timemanager.obj
c:\users\f-12\desktop\game_girls_autochess_2019_05_22_repair\lib\debug\textmanager.obj
c:\users\f-12\desktop\game_girls_autochess_2019_05_22_repair\lib\debug\scenemanager.obj
c:\users\f-12\desktop\game_girls_autochess_2019_05_22_repair\lib\debug\scene.obj
c:\users\f-12\desktop\game_girls_autochess_2019_05_22_repair\lib\debug\resoucesmanager.obj
c:\users\f-12\desktop\game_girls_autochess_2019_05_22_repair\lib\debug\point.obj
c:\users\f-12\desktop\game_girls_autochess_2019_05_22_repair\lib\debug\label.obj
c:\users\f-12\desktop\game_girls_autochess_2019_05_22_repair\lib\debug\inputmanager.obj
c:\users\f-12\desktop\game_girls_autochess_2019_05_22_repair\lib\debug\enginemain.obj
c:\users\f-12\desktop\game_girls_autochess_2019_05_22_repair\lib\debug\button.obj
c:\users\f-12\desktop\game_girls_autochess_2019_05_22_repair\lib\debug\boolbutton.obj
c:\users\f-12\desktop\game_girls_autochess_2019_05_22_repair\lib\debug\bitmap.obj
c:\users\f-12\desktop\game_girls_autochess_2019_05_22_repair\debug\lib.lib
c:\users\f-12\desktop\game_girls_autochess_2019_05_22_repair\debug\lib.pdb
c:\users\f-12\desktop\game_girls_autochess_2019_05_22_repair\lib\debug\lib.tlog\cl.command.1.tlog
c:\users\f-12\desktop\game_girls_autochess_2019_05_22_repair\lib\debug\lib.tlog\cl.read.1.tlog
c:\users\f-12\desktop\game_girls_autochess_2019_05_22_repair\lib\debug\lib.tlog\cl.write.1.tlog
c:\users\f-12\desktop\game_girls_autochess_2019_05_22_repair\lib\debug\lib.tlog\lib-link.read.1.tlog
c:\users\f-12\desktop\game_girls_autochess_2019_05_22_repair\lib\debug\lib.tlog\lib-link.write.1.tlog
c:\users\f-12\desktop\game_girls_autochess_2019_05_22_repair\lib\debug\lib.tlog\lib.command.1.tlog
